Sun Aug 27 2017 19:50:48 GMT+0530 (+0530) : GET: /aboutSun Aug 27 2017 19:52:49 GMT+0530 (+0530) : GET: /home
Sun Aug 27 2017 19:53:47 GMT+0530 (+0530) : GET: /home
Sun Aug 27 2017 20:17:24 GMT+0530 (+0530) : GET: /
Sun Aug 27 2017 20:19:08 GMT+0530 (+0530) : GET: /
Sun Aug 27 2017 20:19:12 GMT+0530 (+0530) : GET: /
Sun Aug 27 2017 20:19:21 GMT+0530 (+0530) : GET: /
Sun Aug 27 2017 20:19:27 GMT+0530 (+0530) : GET: /%20about
Sun Aug 27 2017 20:19:51 GMT+0530 (+0530) : GET: /
Sun Aug 27 2017 20:20:04 GMT+0530 (+0530) : GET: /
Sun Aug 27 2017 20:20:09 GMT+0530 (+0530) : GET: /
Sun Aug 27 2017 20:20:09 GMT+0530 (+0530) : GET: /
Sun Aug 27 2017 20:20:09 GMT+0530 (+0530) : GET: /
Sun Aug 27 2017 20:20:09 GMT+0530 (+0530) : GET: /
Sun Aug 27 2017 20:20:10 GMT+0530 (+0530) : GET: /
Sun Aug 27 2017 20:20:10 GMT+0530 (+0530) : GET: /
Sun Aug 27 2017 20:20:10 GMT+0530 (+0530) : GET: /
Sun Aug 27 2017 20:20:10 GMT+0530 (+0530) : GET: /
Sun Aug 27 2017 20:20:10 GMT+0530 (+0530) : GET: /
Sun Aug 27 2017 20:20:11 GMT+0530 (+0530) : GET: /
Sun Aug 27 2017 20:23:26 GMT+0530 (+0530) : GET: /help.html
